<?xml version="1.0" encoding="UTF-8"?>
<testng-results ignored="0" total="1" passed="1" failed="0" skipped="0">
  <reporter-output>
  </reporter-output>
  <suite started-at="2026-01-17T23:14:01 IST" name="Default suite" finished-at="2026-01-17T23:14:07 IST" duration-ms="6104">
    <groups>
    </groups>
    <test started-at="2026-01-17T23:14:01 IST" name="Default test" finished-at="2026-01-17T23:14:07 IST" duration-ms="6104">
      <class name="Day1.BasicAuthentication">
        <test-method signature="Body()[pri:0, instance:Day1.BasicAuthentication@2a65fe7c]" started-at="2026-01-17T23:14:01 IST" name="Body" finished-at="2026-01-17T23:14:07 IST" duration-ms="6058" status="PASS">
          <reporter-output>
          </reporter-output>
        </test-method> <!-- Body -->
      </class> <!-- Day1.BasicAuthentication -->
    </test> <!-- Default test -->
  </suite> <!-- Default suite -->
</testng-results>
